Copyright 1986-2016 Xilinx, Inc. All Rights Reserved.
-----------------------------------------------------------------------------------------------------------------------
| Tool Version : Vivado v.2016.4 (win64) Build 1756540 Mon Jan 23 19:11:23 MST 2017
| Date         : Fri Mar 17 20:50:03 2017
| Host         : USER-20170225IX running 64-bit Service Pack 1  (build 7601)
| Command      : report_methodology -file led_pipe_methodology_drc_routed.rpt -rpx led_pipe_methodology_drc_routed.rpx
| Design       : led_pipe
| Device       : xc7z020clg484-1
| Speed File   : -1
| Design State : Routed
-----------------------------------------------------------------------------------------------------------------------

Report Methodology

Table of Contents
-----------------
1. REPORT SUMMARY
2. REPORT DETAILS

1. REPORT SUMMARY
-----------------
            Netlist: netlist
          Floorplan: checkpoint_led_pipe
      Design limits: <entire design considered>
             Max violations: <unlimited>
             Violations found: 9
+-----------+----------+-------------------------------+------------+
| Rule      | Severity | Description                   | Violations |
+-----------+----------+-------------------------------+------------+
| TIMING-18 | Warning  | Missing input or output delay | 9          |
+-----------+----------+-------------------------------+------------+

2. REPORT DETAILS
-----------------
TIMING-18#1 Warning
Missing input or output delay  
An input delay is missing on reset_in relative to clock(s) clk 
Related violations: <none>

TIMING-18#2 Warning
Missing input or output delay  
An output delay is missing on leds[0] relative to clock(s) clk 
Related violations: <none>

TIMING-18#3 Warning
Missing input or output delay  
An output delay is missing on leds[1] relative to clock(s) clk 
Related violations: <none>

TIMING-18#4 Warning
Missing input or output delay  
An output delay is missing on leds[2] relative to clock(s) clk 
Related violations: <none>

TIMING-18#5 Warning
Missing input or output delay  
An output delay is missing on leds[3] relative to clock(s) clk 
Related violations: <none>

TIMING-18#6 Warning
Missing input or output delay  
An output delay is missing on leds[4] relative to clock(s) clk 
Related violations: <none>

TIMING-18#7 Warning
Missing input or output delay  
An output delay is missing on leds[5] relative to clock(s) clk 
Related violations: <none>

TIMING-18#8 Warning
Missing input or output delay  
An output delay is missing on leds[6] relative to clock(s) clk 
Related violations: <none>

TIMING-18#9 Warning
Missing input or output delay  
An output delay is missing on leds[7] relative to clock(s) clk 
Related violations: <none>


