#-----------------------------------------------------------
# Vivado v2016.4 (64-bit)
# SW Build 1756540 on Mon Jan 23 19:11:23 MST 2017
# IP Build 1755317 on Mon Jan 23 20:30:07 MST 2017
# Start of session at: Fri Mar 17 20:51:45 2017
# Process ID: 5028
# Current directory: E:/ComputerExperiment/project0_student/project0/project0_build
# Command line: vivado.exe -gui_launcher_event rodinguilauncherevent1132 E:\ComputerExperiment\project0_student\project0\project0_build\project0_build.xpr
# Log file: E:/ComputerExperiment/project0_student/project0/project0_build/vivado.log
# Journal file: E:/ComputerExperiment/project0_student/project0/project0_build\vivado.jou
#-----------------------------------------------------------
start_gui
open_project E:/ComputerExperiment/project0_student/project0/project0_build/project0_build.xpr
Scanning sources...
Finished scanning sources
INFO: [IP_Flow 19-234] Refreshing IP repositories
INFO: [IP_Flow 19-1704] No user IP repositories specified
INFO: [IP_Flow 19-2313] Loaded Vivado IP repository 'D:/Xilinx/Vivado/2016.4/data/ip'.
open_project: Time (s): cpu = 00:00:14 ; elapsed = 00:00:07 . Memory (MB): peak = 806.004 ; gain = 125.527
exit
INFO: [Common 17-206] Exiting Vivado at Fri Mar 17 21:00:57 2017...
